[0.494s] Invoking command in '/home/mshen/ros2_ws/src/py_pubsub': PYTHONPATH=/home/mshen/ros2_ws/build/py_pubsub/prefix_override:/home/mshen/ros2_ws/install/py_pubsub/lib/python3.10/site-packages:${PYTHONPATH} WSLENV=ELECTRON_RUN_AS_NODE/w: /usr/bin/python3 setup.py egg_info --egg-base ../../build/py_pubsub build --build-base /home/mshen/ros2_ws/build/py_pubsub/build install --record /home/mshen/ros2_ws/build/py_pubsub/install.log --single-version-externally-managed
[0.625s] running egg_info
[0.626s] writing ../../build/py_pubsub/py_pubsub.egg-info/PKG-INFO
[0.626s] writing dependency_links to ../../build/py_pubsub/py_pubsub.egg-info/dependency_links.txt
[0.626s] writing entry points to ../../build/py_pubsub/py_pubsub.egg-info/entry_points.txt
[0.626s] writing requirements to ../../build/py_pubsub/py_pubsub.egg-info/requires.txt
[0.626s] writing top-level names to ../../build/py_pubsub/py_pubsub.egg-info/top_level.txt
[0.627s] reading manifest file '../../build/py_pubsub/py_pubsub.egg-info/SOURCES.txt'
[0.628s] writing manifest file '../../build/py_pubsub/py_pubsub.egg-info/SOURCES.txt'
[0.628s] running build
[0.628s] running build_py
[0.628s] running install
[0.628s] running install_lib
[0.629s] running install_data
[0.629s] running install_egg_info
[0.630s] removing '/home/mshen/ros2_ws/install/py_pubsub/lib/python3.10/site-packages/py_pubsub-0.0.0-py3.10.egg-info' (and everything under it)
[0.631s] Copying ../../build/py_pubsub/py_pubsub.egg-info to /home/mshen/ros2_ws/install/py_pubsub/lib/python3.10/site-packages/py_pubsub-0.0.0-py3.10.egg-info
[0.631s] running install_scripts
[0.642s] Installing talker script to /home/mshen/ros2_ws/install/py_pubsub/lib/py_pubsub
[0.643s] writing list of installed files to '/home/mshen/ros2_ws/build/py_pubsub/install.log'
[0.660s] Invoked command in '/home/mshen/ros2_ws/src/py_pubsub' returned '0': PYTHONPATH=/home/mshen/ros2_ws/build/py_pubsub/prefix_override:/home/mshen/ros2_ws/install/py_pubsub/lib/python3.10/site-packages:${PYTHONPATH} WSLENV=ELECTRON_RUN_AS_NODE/w: /usr/bin/python3 setup.py egg_info --egg-base ../../build/py_pubsub build --build-base /home/mshen/ros2_ws/build/py_pubsub/build install --record /home/mshen/ros2_ws/build/py_pubsub/install.log --single-version-externally-managed
