running egg_info
writing ../../build/autoro_navigator/autoro_navigator.egg-info/PKG-INFO
writing dependency_links to ../../build/autoro_navigator/autoro_navigator.egg-info/dependency_links.txt
writing entry points to ../../build/autoro_navigator/autoro_navigator.egg-info/entry_points.txt
writing requirements to ../../build/autoro_navigator/autoro_navigator.egg-info/requires.txt
writing top-level names to ../../build/autoro_navigator/autoro_navigator.egg-info/top_level.txt
reading manifest file '../../build/autoro_navigator/autoro_navigator.egg-info/SOURCES.txt'
writing manifest file '../../build/autoro_navigator/autoro_navigator.egg-info/SOURCES.txt'
running build
running build_py
copying autoro_navigator/navigation_node.py -> /home/mshen/ros2_ws/build/autoro_navigator/build/lib/autoro_navigator
running install
/usr/lib/python3/dist-packages/setuptools/command/install.py:34: SetuptoolsDeprecationWarning: setup.py install is deprecated. Use build and pip and other standards-based tools.
  warnings.warn(
running install_lib
copying /home/mshen/ros2_ws/build/autoro_navigator/build/lib/autoro_navigator/navigation_node.py -> /home/mshen/ros2_ws/install/autoro_navigator/lib/python3.10/site-packages/autoro_navigator
byte-compiling /home/mshen/ros2_ws/install/autoro_navigator/lib/python3.10/site-packages/autoro_navigator/navigation_node.py to navigation_node.cpython-310.pyc
running install_data
running install_egg_info
removing '/home/mshen/ros2_ws/install/autoro_navigator/lib/python3.10/site-packages/autoro_navigator-0.0.0-py3.10.egg-info' (and everything under it)
Copying ../../build/autoro_navigator/autoro_navigator.egg-info to /home/mshen/ros2_ws/install/autoro_navigator/lib/python3.10/site-packages/autoro_navigator-0.0.0-py3.10.egg-info
running install_scripts
writing list of installed files to '/home/mshen/ros2_ws/build/autoro_navigator/install.log'
