running egg_info
creating ../../build/autoro_navigation/autoro_navigation.egg-info
writing ../../build/autoro_navigation/autoro_navigation.egg-info/PKG-INFO
writing dependency_links to ../../build/autoro_navigation/autoro_navigation.egg-info/dependency_links.txt
writing entry points to ../../build/autoro_navigation/autoro_navigation.egg-info/entry_points.txt
writing requirements to ../../build/autoro_navigation/autoro_navigation.egg-info/requires.txt
writing top-level names to ../../build/autoro_navigation/autoro_navigation.egg-info/top_level.txt
writing manifest file '../../build/autoro_navigation/autoro_navigation.egg-info/SOURCES.txt'
reading manifest file '../../build/autoro_navigation/autoro_navigation.egg-info/SOURCES.txt'
writing manifest file '../../build/autoro_navigation/autoro_navigation.egg-info/SOURCES.txt'
running build
running build_py
creating /home/mshen/ros2_ws/build/autoro_navigation/build
creating /home/mshen/ros2_ws/build/autoro_navigation/build/lib
creating /home/mshen/ros2_ws/build/autoro_navigation/build/lib/autoro_navigation
copying autoro_navigation/__init__.py -> /home/mshen/ros2_ws/build/autoro_navigation/build/lib/autoro_navigation
running install
/usr/lib/python3/dist-packages/setuptools/command/install.py:34: SetuptoolsDeprecationWarning: setup.py install is deprecated. Use build and pip and other standards-based tools.
  warnings.warn(
running install_lib
creating /home/mshen/ros2_ws/install/autoro_navigation/lib/python3.10/site-packages/autoro_navigation
copying /home/mshen/ros2_ws/build/autoro_navigation/build/lib/autoro_navigation/__init__.py -> /home/mshen/ros2_ws/install/autoro_navigation/lib/python3.10/site-packages/autoro_navigation
byte-compiling /home/mshen/ros2_ws/install/autoro_navigation/lib/python3.10/site-packages/autoro_navigation/__init__.py to __init__.cpython-310.pyc
running install_data
copying resource/autoro_navigation -> /home/mshen/ros2_ws/install/autoro_navigation/share/ament_index/resource_index/packages
copying package.xml -> /home/mshen/ros2_ws/install/autoro_navigation/share/autoro_navigation
running install_egg_info
Copying ../../build/autoro_navigation/autoro_navigation.egg-info to /home/mshen/ros2_ws/install/autoro_navigation/lib/python3.10/site-packages/autoro_navigation-0.0.0-py3.10.egg-info
running install_scripts
writing list of installed files to '/home/mshen/ros2_ws/build/autoro_navigation/install.log'
