[0.208s] Invoking command in '/home/mshen/ros2_ws/src/autoro_navigation': PYTHONPATH=/home/mshen/ros2_ws/build/autoro_navigation/prefix_override:/home/mshen/ros2_ws/install/autoro_navigation/lib/python3.10/site-packages:${PYTHONPATH} /usr/bin/python3 setup.py egg_info --egg-base ../../build/autoro_navigation build --build-base /home/mshen/ros2_ws/build/autoro_navigation/build install --record /home/mshen/ros2_ws/build/autoro_navigation/install.log --single-version-externally-managed
[0.288s] running egg_info
[0.288s] creating ../../build/autoro_navigation/autoro_navigation.egg-info
[0.288s] writing ../../build/autoro_navigation/autoro_navigation.egg-info/PKG-INFO
[0.288s] writing dependency_links to ../../build/autoro_navigation/autoro_navigation.egg-info/dependency_links.txt
[0.288s] writing entry points to ../../build/autoro_navigation/autoro_navigation.egg-info/entry_points.txt
[0.288s] writing requirements to ../../build/autoro_navigation/autoro_navigation.egg-info/requires.txt
[0.288s] writing top-level names to ../../build/autoro_navigation/autoro_navigation.egg-info/top_level.txt
[0.288s] writing manifest file '../../build/autoro_navigation/autoro_navigation.egg-info/SOURCES.txt'
[0.289s] reading manifest file '../../build/autoro_navigation/autoro_navigation.egg-info/SOURCES.txt'
[0.289s] writing manifest file '../../build/autoro_navigation/autoro_navigation.egg-info/SOURCES.txt'
[0.289s] running build
[0.289s] running build_py
[0.289s] creating /home/mshen/ros2_ws/build/autoro_navigation/build
[0.289s] creating /home/mshen/ros2_ws/build/autoro_navigation/build/lib
[0.289s] creating /home/mshen/ros2_ws/build/autoro_navigation/build/lib/autoro_navigation
[0.289s] copying autoro_navigation/__init__.py -> /home/mshen/ros2_ws/build/autoro_navigation/build/lib/autoro_navigation
[0.290s] running install
[0.290s] /usr/lib/python3/dist-packages/setuptools/command/install.py:34: SetuptoolsDeprecationWarning: setup.py install is deprecated. Use build and pip and other standards-based tools.
[0.290s]   warnings.warn(
[0.290s] running install_lib
[0.290s] creating /home/mshen/ros2_ws/install/autoro_navigation/lib/python3.10/site-packages/autoro_navigation
[0.290s] copying /home/mshen/ros2_ws/build/autoro_navigation/build/lib/autoro_navigation/__init__.py -> /home/mshen/ros2_ws/install/autoro_navigation/lib/python3.10/site-packages/autoro_navigation
[0.290s] byte-compiling /home/mshen/ros2_ws/install/autoro_navigation/lib/python3.10/site-packages/autoro_navigation/__init__.py to __init__.cpython-310.pyc
[0.290s] running install_data
[0.290s] copying resource/autoro_navigation -> /home/mshen/ros2_ws/install/autoro_navigation/share/ament_index/resource_index/packages
[0.290s] copying package.xml -> /home/mshen/ros2_ws/install/autoro_navigation/share/autoro_navigation
[0.291s] running install_egg_info
[0.291s] Copying ../../build/autoro_navigation/autoro_navigation.egg-info to /home/mshen/ros2_ws/install/autoro_navigation/lib/python3.10/site-packages/autoro_navigation-0.0.0-py3.10.egg-info
[0.291s] running install_scripts
[0.300s] writing list of installed files to '/home/mshen/ros2_ws/build/autoro_navigation/install.log'
[0.310s] Invoked command in '/home/mshen/ros2_ws/src/autoro_navigation' returned '0': PYTHONPATH=/home/mshen/ros2_ws/build/autoro_navigation/prefix_override:/home/mshen/ros2_ws/install/autoro_navigation/lib/python3.10/site-packages:${PYTHONPATH} /usr/bin/python3 setup.py egg_info --egg-base ../../build/autoro_navigation build --build-base /home/mshen/ros2_ws/build/autoro_navigation/build install --record /home/mshen/ros2_ws/build/autoro_navigation/install.log --single-version-externally-managed
