[0.208s] Invoking command in '/home/mshen/ros2_ws/src/autoro_navigation': PYTHONPATH=/home/mshen/ros2_ws/build/autoro_navigation/prefix_override:/home/mshen/ros2_ws/install/autoro_navigation/lib/python3.10/site-packages:${PYTHONPATH} /usr/bin/python3 setup.py egg_info --egg-base ../../build/autoro_navigation build --build-base /home/mshen/ros2_ws/build/autoro_navigation/build install --record /home/mshen/ros2_ws/build/autoro_navigation/install.log --single-version-externally-managed
[0.286s] running egg_info
[0.286s] writing ../../build/autoro_navigation/autoro_navigation.egg-info/PKG-INFO
[0.286s] writing dependency_links to ../../build/autoro_navigation/autoro_navigation.egg-info/dependency_links.txt
[0.287s] writing entry points to ../../build/autoro_navigation/autoro_navigation.egg-info/entry_points.txt
[0.287s] writing requirements to ../../build/autoro_navigation/autoro_navigation.egg-info/requires.txt
[0.287s] writing top-level names to ../../build/autoro_navigation/autoro_navigation.egg-info/top_level.txt
[0.287s] reading manifest file '../../build/autoro_navigation/autoro_navigation.egg-info/SOURCES.txt'
[0.287s] writing manifest file '../../build/autoro_navigation/autoro_navigation.egg-info/SOURCES.txt'
[0.287s] running build
[0.288s] running build_py
[0.288s] running install
[0.288s] /usr/lib/python3/dist-packages/setuptools/command/install.py:34: SetuptoolsDeprecationWarning: setup.py install is deprecated. Use build and pip and other standards-based tools.
[0.288s]   warnings.warn(
[0.288s] running install_lib
[0.288s] running install_data
[0.288s] running install_egg_info
[0.289s] removing '/home/mshen/ros2_ws/install/autoro_navigation/lib/python3.10/site-packages/autoro_navigation-0.0.0-py3.10.egg-info' (and everything under it)
[0.289s] Copying ../../build/autoro_navigation/autoro_navigation.egg-info to /home/mshen/ros2_ws/install/autoro_navigation/lib/python3.10/site-packages/autoro_navigation-0.0.0-py3.10.egg-info
[0.290s] running install_scripts
[0.298s] writing list of installed files to '/home/mshen/ros2_ws/build/autoro_navigation/install.log'
[0.308s] Invoked command in '/home/mshen/ros2_ws/src/autoro_navigation' returned '0': PYTHONPATH=/home/mshen/ros2_ws/build/autoro_navigation/prefix_override:/home/mshen/ros2_ws/install/autoro_navigation/lib/python3.10/site-packages:${PYTHONPATH} /usr/bin/python3 setup.py egg_info --egg-base ../../build/autoro_navigation build --build-base /home/mshen/ros2_ws/build/autoro_navigation/build install --record /home/mshen/ros2_ws/build/autoro_navigation/install.log --single-version-externally-managed
