[0.558s] Invoking command in '/home/mshen/ros2_ws/src/autoro_navigation': PYTHONPATH=/home/mshen/ros2_ws/build/autoro_navigation/prefix_override:/home/mshen/ros2_ws/install/autoro_navigation/lib/python3.10/site-packages:${PYTHONPATH} /usr/bin/python3 setup.py egg_info --egg-base ../../build/autoro_navigation build --build-base /home/mshen/ros2_ws/build/autoro_navigation/build install --record /home/mshen/ros2_ws/build/autoro_navigation/install.log --single-version-externally-managed
[0.708s] running egg_info
[0.708s] writing ../../build/autoro_navigation/autoro_navigation.egg-info/PKG-INFO
[0.708s] writing dependency_links to ../../build/autoro_navigation/autoro_navigation.egg-info/dependency_links.txt
[0.708s] writing entry points to ../../build/autoro_navigation/autoro_navigation.egg-info/entry_points.txt
[0.709s] writing requirements to ../../build/autoro_navigation/autoro_navigation.egg-info/requires.txt
[0.709s] writing top-level names to ../../build/autoro_navigation/autoro_navigation.egg-info/top_level.txt
[0.710s] reading manifest file '../../build/autoro_navigation/autoro_navigation.egg-info/SOURCES.txt'
[0.710s] writing manifest file '../../build/autoro_navigation/autoro_navigation.egg-info/SOURCES.txt'
[0.710s] running build
[0.710s] running build_py
[0.711s] copying autoro_navigation/navigation_node.py -> /home/mshen/ros2_ws/build/autoro_navigation/build/lib/autoro_navigation
[0.711s] running install
[0.711s] running install_lib
[0.711s] copying /home/mshen/ros2_ws/build/autoro_navigation/build/lib/autoro_navigation/navigation_node.py -> /home/mshen/ros2_ws/install/autoro_navigation/lib/python3.10/site-packages/autoro_navigation
[0.711s] byte-compiling /home/mshen/ros2_ws/install/autoro_navigation/lib/python3.10/site-packages/autoro_navigation/navigation_node.py to navigation_node.cpython-310.pyc
[0.712s] running install_data
[0.712s] running install_egg_info
[0.713s] removing '/home/mshen/ros2_ws/install/autoro_navigation/lib/python3.10/site-packages/autoro_navigation-0.0.0-py3.10.egg-info' (and everything under it)
[0.713s] Copying ../../build/autoro_navigation/autoro_navigation.egg-info to /home/mshen/ros2_ws/install/autoro_navigation/lib/python3.10/site-packages/autoro_navigation-0.0.0-py3.10.egg-info
[0.714s] running install_scripts
[0.726s] Installing navigator script to /home/mshen/ros2_ws/install/autoro_navigation/lib/autoro_navigation
[0.726s] Installing talker script to /home/mshen/ros2_ws/install/autoro_navigation/lib/autoro_navigation
[0.726s] writing list of installed files to '/home/mshen/ros2_ws/build/autoro_navigation/install.log'
[0.748s] Invoked command in '/home/mshen/ros2_ws/src/autoro_navigation' returned '0': PYTHONPATH=/home/mshen/ros2_ws/build/autoro_navigation/prefix_override:/home/mshen/ros2_ws/install/autoro_navigation/lib/python3.10/site-packages:${PYTHONPATH} /usr/bin/python3 setup.py egg_info --egg-base ../../build/autoro_navigation build --build-base /home/mshen/ros2_ws/build/autoro_navigation/build install --record /home/mshen/ros2_ws/build/autoro_navigation/install.log --single-version-externally-managed
