[0.381s] Invoking command in '/home/mshen/ros2_ws/src/py_pubsub': PYTHONPATH=/home/mshen/ros2_ws/build/py_pubsub/prefix_override:/home/mshen/ros2_ws/install/py_pubsub/lib/python3.10/site-packages:${PYTHONPATH} /usr/bin/python3 setup.py egg_info --egg-base ../../build/py_pubsub build --build-base /home/mshen/ros2_ws/build/py_pubsub/build install --record /home/mshen/ros2_ws/build/py_pubsub/install.log --single-version-externally-managed
[0.477s] running egg_info
[0.477s] creating ../../build/py_pubsub/py_pubsub.egg-info
[0.477s] writing ../../build/py_pubsub/py_pubsub.egg-info/PKG-INFO
[0.477s] writing dependency_links to ../../build/py_pubsub/py_pubsub.egg-info/dependency_links.txt
[0.478s] writing entry points to ../../build/py_pubsub/py_pubsub.egg-info/entry_points.txt
[0.478s] writing requirements to ../../build/py_pubsub/py_pubsub.egg-info/requires.txt
[0.478s] writing top-level names to ../../build/py_pubsub/py_pubsub.egg-info/top_level.txt
[0.478s] writing manifest file '../../build/py_pubsub/py_pubsub.egg-info/SOURCES.txt'
[0.479s] reading manifest file '../../build/py_pubsub/py_pubsub.egg-info/SOURCES.txt'
[0.479s] writing manifest file '../../build/py_pubsub/py_pubsub.egg-info/SOURCES.txt'
[0.479s] running build
[0.479s] running build_py
[0.479s] creating /home/mshen/ros2_ws/build/py_pubsub/build
[0.479s] creating /home/mshen/ros2_ws/build/py_pubsub/build/lib
[0.480s] creating /home/mshen/ros2_ws/build/py_pubsub/build/lib/py_pubsub
[0.480s] copying py_pubsub/publisher_member_function.py -> /home/mshen/ros2_ws/build/py_pubsub/build/lib/py_pubsub
[0.480s] copying py_pubsub/__init__.py -> /home/mshen/ros2_ws/build/py_pubsub/build/lib/py_pubsub
[0.480s] running install
[0.480s] running install_lib
[0.480s] creating /home/mshen/ros2_ws/install/py_pubsub/lib/python3.10/site-packages/py_pubsub
[0.480s] copying /home/mshen/ros2_ws/build/py_pubsub/build/lib/py_pubsub/publisher_member_function.py -> /home/mshen/ros2_ws/install/py_pubsub/lib/python3.10/site-packages/py_pubsub
[0.480s] copying /home/mshen/ros2_ws/build/py_pubsub/build/lib/py_pubsub/__init__.py -> /home/mshen/ros2_ws/install/py_pubsub/lib/python3.10/site-packages/py_pubsub
[0.481s] byte-compiling /home/mshen/ros2_ws/install/py_pubsub/lib/python3.10/site-packages/py_pubsub/publisher_member_function.py to publisher_member_function.cpython-310.pyc
[0.481s] byte-compiling /home/mshen/ros2_ws/install/py_pubsub/lib/python3.10/site-packages/py_pubsub/__init__.py to __init__.cpython-310.pyc
[0.481s] running install_data
[0.481s] creating /home/mshen/ros2_ws/install/py_pubsub/share/ament_index
[0.481s] creating /home/mshen/ros2_ws/install/py_pubsub/share/ament_index/resource_index
[0.481s] creating /home/mshen/ros2_ws/install/py_pubsub/share/ament_index/resource_index/packages
[0.481s] copying resource/py_pubsub -> /home/mshen/ros2_ws/install/py_pubsub/share/ament_index/resource_index/packages
[0.481s] copying package.xml -> /home/mshen/ros2_ws/install/py_pubsub/share/py_pubsub
[0.482s] running install_egg_info
[0.483s] Copying ../../build/py_pubsub/py_pubsub.egg-info to /home/mshen/ros2_ws/install/py_pubsub/lib/python3.10/site-packages/py_pubsub-0.0.0-py3.10.egg-info
[0.483s] running install_scripts
[0.493s] writing list of installed files to '/home/mshen/ros2_ws/build/py_pubsub/install.log'
[0.519s] Invoked command in '/home/mshen/ros2_ws/src/py_pubsub' returned '0': PYTHONPATH=/home/mshen/ros2_ws/build/py_pubsub/prefix_override:/home/mshen/ros2_ws/install/py_pubsub/lib/python3.10/site-packages:${PYTHONPATH} /usr/bin/python3 setup.py egg_info --egg-base ../../build/py_pubsub build --build-base /home/mshen/ros2_ws/build/py_pubsub/build install --record /home/mshen/ros2_ws/build/py_pubsub/install.log --single-version-externally-managed
